<?xml version="1.0" encoding="UTF-8"?>
<beans xmlns="http://www.springframework.org/schema/beans"
    xmlns:xsi="http://www.w3.org/2001/XMLSchema-instance"
    xmlns:mvc="http://www.springframework.org/schema/mvc"
    xmlns:context="http://www.springframework.org/schema/context"
    xmlns:tx="http://www.springframework.org/schema/tx"
    xsi:schemaLocation="http://www.springframework.org/schema/beans
        http://www.springframework.org/schema/beans/spring-beans-3.0.xsd
        http://www.springframework.org/schema/context
        http://www.springframework.org/schema/context/spring-context-3.0.xsd">

 	<context:component-scan base-package="guru.bonacci.ninetags2" />   
 
    <!-- Needed to test session/request scoped beans -->
    <bean class="org.springframework.beans.factory.config.CustomScopeConfigurer">
        <property name="scopes">
            <map>
                <entry key="session">
                    <bean class="guru.bonacci.ninetags2.CustomScope" />
                </entry>
                <entry key="request">
                    <bean class="guru.bonacci.ninetags2.CustomScope" />
                </entry>
            </map>
        </property>
    </bean>
</beans>